1594972295674:ls
1594972301511:ls D
1594972304992:ls D:
1594972314834:exit
1594973890818:ls /
1594973892139:ls
1594973900479:ls U:
1594973914135:exit
1594974390875:jj
1594974484804:ls
1594974493508:ls /
1594974496654:ls :
1594974502046:ls EEE
1594974510834:help
1594974596046:exit
1594974607001:help
1594974617565:ls
1594974618914:dir
1594974621075:dir /
1594974994019:
1594975817501:e
1594975820453:ls
1594977245258:ls /
1594977253389:ls
1594977520253:ls /
1594977522702:ls
1594977532969:dir
1594977928597:cd
1594977931597:cd .
1594977935053:cd ./
1594977945158:cd .\\
1594978036936:cd
1594978043857:cd .
1594978048570:cd /
1594978075753:cd \\
1594978080163:cd \\\\
1594978086073:cd .\\\nddsd
1594978252524:ls
1594978256770:cd .
1594978299336:ls
1594978301291:cd .
1594978304551:cd \\\nsdf
1594978310192:cd ..
1594978312826:cd ../
1594978319114:cd ..\\\nsd
1594978420467:ls
1594978425216:cd ..
1594978584253:ls
1594978588960:cd ..
1594978596627:ls
1594978599645:cd ..
1594978610460:ls
1594978612712:cd ..
1594978666295:ls
1594978668754:cd ..
1594978676832:cd ../
1594978679788:cd ..
1594978694500:cd IdeaProject
1594978715352:ls
1594978717438:cd ..
1594978728843:ls
1594979125993:cd ..
1594979129668:cd ll
1594979199874:ls
1594979203954:cd ll
